<?xml version="1.0" encoding="UTF-8"?>
<!-- Generated by org.testng.reporters.JUnitReportReporter -->
<testsuite skipped="1" hostname="DESKTOP-SKEPB81" name="com.qa.ibibo.tests.ibiboTests" tests="2" failures="0" timestamp="25 Jul 2020 04:32:29 GMT" time="4.670" errors="1">
  <testcase name="setUp" time="4.670" classname="com.qa.ibibo.tests.ibiboTests">
    <error type="org.openqa.selenium.SessionNotCreatedException" message="session not created: This version of ChromeDriver only supports Chrome version 85
Build info: version: &#039;3.141.59&#039;, revision: &#039;e82be7d358&#039;, time: &#039;2018-11-14T08:17:03&#039;
System info: host: &#039;DESKTOP-SKEPB81&#039;, ip: &#039;192.168.43.161&#039;, os.name: &#039;Windows 10&#039;, os.arch: &#039;amd64&#039;, os.version: &#039;10.0&#039;, java.version: &#039;1.8.0_231&#039;
Driver info: driver.version: ChromeDriver
remote stacktrace: Backtrace:
	Ordinal0 [0x0100C933+3131699]
	Ordinal0 [0x00EF9EC1+2006721]
	Ordinal0 [0x00D9AE28+568872]
	Ordinal0 [0x00D213BF+70591]
	Ordinal0 [0x00D1CC83+52355]
	Ordinal0 [0x00D40E2C+200236]
	Ordinal0 [0x00D40C4D+199757]
	Ordinal0 [0x00D3EB3B+191291]
	Ordinal0 [0x00D22E97+77463]
	Ordinal0 [0x00D23E5E+81502]
	Ordinal0 [0x00D23DE9+81385]
	Ordinal0 [0x00F10A79+2099833]
	GetHandleVerifier [0x0117AC3A+1396666]
	GetHandleVerifier [0x0117A8B9+1395769]
	GetHandleVerifier [0x01186536+1444022]
	GetHandleVerifier [0x0117B1C8+1398088]
	Ordinal0 [0x00F07D41+2063681]
	Ordinal0 [0x00F1208B+2105483]
	Ordinal0 [0x00F121B1+2105777]
	Ordinal0 [0x00F24754+2180948]
	BaseThreadInitThunk [0x751460C9+25]
	RtlGetAppContainerNamedObjectPath [0x77617A94+228]
	RtlGetAppContainerNamedObjectPath [0x77617A64+180]
">
      <![CDATA[org.openqa.selenium.SessionNotCreatedException: session not created: This version of ChromeDriver only supports Chrome version 85
Build info: version: '3.141.59', revision: 'e82be7d358', time: '2018-11-14T08:17:03'
System info: host: 'DESKTOP-SKEPB81', ip: '192.168.43.161', os.name: 'Windows 10', os.arch: 'amd64', os.version: '10.0', java.version: '1.8.0_231'
Driver info: driver.version: ChromeDriver
remote stacktrace: Backtrace:
Ordinal0 [0x0100C933+3131699]
Ordinal0 [0x00EF9EC1+2006721]
Ordinal0 [0x00D9AE28+568872]
Ordinal0 [0x00D213BF+70591]
Ordinal0 [0x00D1CC83+52355]
Ordinal0 [0x00D40E2C+200236]
Ordinal0 [0x00D40C4D+199757]
Ordinal0 [0x00D3EB3B+191291]
Ordinal0 [0x00D22E97+77463]
Ordinal0 [0x00D23E5E+81502]
Ordinal0 [0x00D23DE9+81385]
Ordinal0 [0x00F10A79+2099833]
GetHandleVerifier [0x0117AC3A+1396666]
GetHandleVerifier [0x0117A8B9+1395769]
GetHandleVerifier [0x01186536+1444022]
GetHandleVerifier [0x0117B1C8+1398088]
Ordinal0 [0x00F07D41+2063681]
Ordinal0 [0x00F1208B+2105483]
Ordinal0 [0x00F121B1+2105777]
Ordinal0 [0x00F24754+2180948]
BaseThreadInitThunk [0x751460C9+25]
RtlGetAppContainerNamedObjectPath [0x77617A94+228]
RtlGetAppContainerNamedObjectPath [0x77617A64+180]

at sun.reflect.NativeConstructorAccessorImpl.newInstance0(Native Method)
at sun.reflect.NativeConstructorAccessorImpl.newInstance(NativeConstructorAccessorImpl.java:62)
at sun.reflect.DelegatingConstructorAccessorImpl.newInstance(DelegatingConstructorAccessorImpl.java:45)
at java.lang.reflect.Constructor.newInstance(Constructor.java:423)
at org.openqa.selenium.remote.W3CHandshakeResponse.lambda$errorHandler$0(W3CHandshakeResponse.java:62)
at org.openqa.selenium.remote.HandshakeResponse.lambda$getResponseFunction$0(HandshakeResponse.java:30)
at org.openqa.selenium.remote.ProtocolHandshake.lambda$createSession$0(ProtocolHandshake.java:126)
at java.util.stream.ReferencePipeline$3$1.accept(ReferencePipeline.java:193)
at java.util.Spliterators$ArraySpliterator.tryAdvance(Spliterators.java:958)
at java.util.stream.ReferencePipeline.forEachWithCancel(ReferencePipeline.java:126)
at java.util.stream.AbstractPipeline.copyIntoWithCancel(AbstractPipeline.java:499)
at java.util.stream.AbstractPipeline.copyInto(AbstractPipeline.java:486)
at java.util.stream.AbstractPipeline.wrapAndCopyInto(AbstractPipeline.java:472)
at java.util.stream.FindOps$FindOp.evaluateSequential(FindOps.java:152)
at java.util.stream.AbstractPipeline.evaluate(AbstractPipeline.java:234)
at java.util.stream.ReferencePipeline.findFirst(ReferencePipeline.java:464)
at org.openqa.selenium.remote.ProtocolHandshake.createSession(ProtocolHandshake.java:128)
at org.openqa.selenium.remote.ProtocolHandshake.createSession(ProtocolHandshake.java:74)
at org.openqa.selenium.remote.HttpCommandExecutor.execute(HttpCommandExecutor.java:136)
at org.openqa.selenium.remote.service.DriverCommandExecutor.execute(DriverCommandExecutor.java:83)
at org.openqa.selenium.remote.RemoteWebDriver.execute(RemoteWebDriver.java:552)
at org.openqa.selenium.remote.RemoteWebDriver.startSession(RemoteWebDriver.java:213)
at org.openqa.selenium.remote.RemoteWebDriver.<init>(RemoteWebDriver.java:131)
at org.openqa.selenium.chrome.ChromeDriver.<init>(ChromeDriver.java:181)
at org.openqa.selenium.chrome.ChromeDriver.<init>(ChromeDriver.java:168)
at org.openqa.selenium.chrome.ChromeDriver.<init>(ChromeDriver.java:123)
at com.qa.ibibo.base.TestBase.initialisation(TestBase.java:46)
at com.qa.ibibo.tests.ibiboTests.setUp(ibiboTests.java:26)
at sun.reflect.NativeMethodAccessorImpl.invoke0(Native Method)
at sun.reflect.NativeMethodAccessorImpl.invoke(NativeMethodAccessorImpl.java:62)
at sun.reflect.DelegatingMethodAccessorImpl.invoke(DelegatingMethodAccessorImpl.java:43)
at java.lang.reflect.Method.invoke(Method.java:498)
at org.testng.internal.MethodInvocationHelper.invokeMethod(MethodInvocationHelper.java:124)
at org.testng.internal.MethodInvocationHelper.invokeMethodConsideringTimeout(MethodInvocationHelper.java:59)
at org.testng.internal.Invoker.invokeConfigurationMethod(Invoker.java:458)
at org.testng.internal.Invoker.invokeConfigurations(Invoker.java:222)
at org.testng.internal.Invoker.invokeMethod(Invoker.java:523)
at org.testng.internal.Invoker.invokeTestMethod(Invoker.java:719)
at org.testng.internal.Invoker.invokeTestMethods(Invoker.java:989)
at org.testng.internal.TestMethodWorker.invokeTestMethods(TestMethodWorker.java:125)
at org.testng.internal.TestMethodWorker.run(TestMethodWorker.java:109)
at org.testng.TestRunner.privateRun(TestRunner.java:648)
at org.testng.TestRunner.run(TestRunner.java:505)
at org.testng.SuiteRunner.runTest(SuiteRunner.java:455)
at org.testng.SuiteRunner.runSequentially(SuiteRunner.java:450)
at org.testng.SuiteRunner.privateRun(SuiteRunner.java:415)
at org.testng.SuiteRunner.run(SuiteRunner.java:364)
at org.testng.SuiteRunnerWorker.runSuite(SuiteRunnerWorker.java:52)
at org.testng.SuiteRunnerWorker.run(SuiteRunnerWorker.java:84)
at org.testng.TestNG.runSuitesSequentially(TestNG.java:1208)
at org.testng.TestNG.runSuitesLocally(TestNG.java:1137)
at org.testng.TestNG.runSuites(TestNG.java:1049)
at org.testng.TestNG.run(TestNG.java:1017)
at org.testng.remote.AbstractRemoteTestNG.run(AbstractRemoteTestNG.java:115)
at org.testng.remote.RemoteTestNG.initAndRun(RemoteTestNG.java:251)
at org.testng.remote.RemoteTestNG.main(RemoteTestNG.java:77)
]]>
    </error>
  </testcase> <!-- setUp -->
  <testcase name="availableHotelDetails" time="0.000" classname="com.qa.ibibo.tests.ibiboTests">
    <skipped/>
  </testcase> <!-- availableHotelDetails -->
</testsuite> <!-- com.qa.ibibo.tests.ibiboTests -->
